[Report]
Name=AKTE VAN OVERSCHRIJVING GRAVEN
TemplateName=Akte van overschrijving graf.rtf
SQLCompatibility=MSAccess

[Query-0]
SQL1=  select usr.*, Trim(Mid(obj.objvandat,7,2)&'-'&Mid(obj.objvandat,5,2)&'-'&Mid(obj.objvandat,1,4)) as vandat, Trim(Mid(obj.objtemdat,7,2)&'-'&Mid(obj.objtemdat,5,2)&'-'&Mid(obj.objtemdat,1,4)) as temdat, Trim(Mid(ovl.sbjovldat,7,2)&'-'&Mid(ovl.sbjovldat,5,2)&'-'&Mid(ovl.sbjovldat,1,4)) as ovldat, Trim(rhb.sbjvlt&' '&Trim(rhb.sbjvvg&' '&rhb.sbjnam)) as Namopm, Trim(MID(rhb.sbjpttkde, 1,4)&' '&MID(rhb.sbjpttkde, 5,2)) as pttkde, rhb.*, plc.*, obj.*, rhb.sbjges as rhbgesl 
SQL2=  FROM SBJ RHB, PLC, OBJ, SBJ OVL, USR 
SQL3=  where plcidn=objplcidn and plcrhbidn=rhb.sbjidn and ovl.sbjidn=obj.objsbjidn
SQL4=  and objidn=:objidn
SQL5=  and plcidn=:plcidn
SQL6=  and usridn=:usridn

Base=QRY
[Parameters-0]
PLCIDN=PLCIDN
OBJIDN=PLCOBJIDN
USRIDN=STRINGCOMBOBOX|Ondertekenen met

[USRIDN]
TableName=USR
ValueFieldName=USRIDN
NameFieldName=USRNAM
OrderFieldName=USRNAM

[Query-1]
SQL1=  select * from usr where usridn=:usridn2

Base=USR

[Parameters-1]
USRIDN2=STRINGCOMBOBOX|Contact opnemen met

[USRIDN2]
TableName=USR
ValueFieldName=USRIDN
NameFieldName=USRNAM
OrderFieldName=USRNAM

[Query-2]
SQL1=  select Trim(sbj.sbjvlt&' '&Trim(sbj.sbjvvg&' '&sbj.sbjnam)) as Namopm, sbj.sbjges as rhbges, 
SQL2=  Trim(MID(sbj.sbjpttkde, 1,4)&' '&MID(sbj.sbjpttkde, 5,2)) as pttkde, plh.*, sbj.* 
SQL3= from plh, sbj where plhrhbidn=sbjidn order by plhactdat desc

Base=PLH
MasterSource=0
IndexFieldNames=PLHIDN
MasterFields=PLCIDN

[Query-3]
SQL1=  select obj.objplcidn, Trim(sbj.sbjvlt&' '&Trim(sbj.sbjvvg&' '&sbj.sbjnam)) as Namobj, obj.objtemdat, plc.plcnam, plc.plcusrkey from obj, plc, sbj where objplcidn=plcidn and sbj.sbjidn=obj.objsbjidn
Base=OBJ
MasterSource=0
IndexFieldNames=OBJPLCIDN
MasterFields=PLCIDN


Base=USR


[Authorization]
Code=3CA1C5CF
