[Report]
Name=AKTE VAN UITGIFTE URNENNIS COLUMBARIUM
TemplateName=AKTE VAN UITGIFTE URNENNIS COLUMBARIUM.rtf
SQLCompatibility=MSAccess

[Query-0]
SQL1=  select usr.*, Trim(Mid(ovl.sbjovldat,7,2)&'-'&Mid(ovl.sbjovldat,5,2)&'-'&Mid(ovl.sbjovldat,1,4)) as ovldat, Trim(rhb.sbjvlt&' '&Trim(rhb.sbjvvg&' '&rhb.sbjnam)) as Namopm, Trim(MID(rhb.sbjpttkde, 1,4)&' '&MID(rhb.sbjpttkde, 5,2)) as pttkde, rhb.*, plc.*, obj.* , Trim(ovl.sbjvlt&' '&Trim(ovl.sbjvvg&' '&ovl.sbjnam)) as objnam1, rhb.sbjges as rhbgesl
SQL2=  FROM SBJ RHB, PLC, OBJ, SBJ OVL, USR 
SQL3=  where plcidn=objplcidn and plcrhbidn=rhb.sbjidn and ovl.sbjidn=obj.objsbjidn
SQL4=  and objidn=:objidn
SQL5=  and plcidn=:plcidn
SQL6=  and usridn=:usridn

Base=QRY
[Parameters-0]
PLCIDN=PLCIDN
OBJIDN=PLCOBJIDN
USRIDN=STRINGCOMBOBOX|Ondertekenen met

[USRIDN]
TableName=USR
ValueFieldName=USRIDN
NameFieldName=USRNAM
OrderFieldName=USRNAM

[Query-1]
SQL1=  select * from usr where usridn=:usridn2

Base=USR

[Parameters-1]
USRIDN2=STRINGCOMBOBOX|Contact opnemen met

[USRIDN2]
TableName=USR
ValueFieldName=USRIDN
NameFieldName=USRNAM
OrderFieldName=USRNAM

[Authorization]
Code=3CA1C5CF
