[Report]
Name=SC18 - verlof tot begraving-verbranding
TemplateName=SC18 - verlof tot begraving-verbranding.rtf
SQLCompatibility=MSAccess

[Query-0]
SQL1= select Positie.objidn as plop, Positie.objsbjidn, Trim(ovl.sbjvvg&' '&ovl.sbjnam) as pernam,
SQL2= ovl.sbjvor as voor, Trim(MID(ovl.sbjpttkde, 1,4)&' '&MID(ovl.sbjpttkde, 5,2)) as pttkde,
SQL3= Trim(Mid(ovl.sbjgebdat,7,2)&'-'&Mid(ovl.sbjgebdat,5,2)&'-'&Mid(ovl.sbjgebdat,1,4)) as pergeb, 
SQL4= Trim(Mid(ovl.sbjovldat,7,2)&'-'&Mid(ovl.sbjovldat,5,2)&'-'&Mid(ovl.sbjovldat,1,4)) as perdat,
SQL5= ovl.*
SQL6= from obj Positie, sbj ovl, sbj bgp, plc
SQL7= where ovl.sbjidn=Positie.objsbjidn and
SQL8= plc.plcidn=Positie.objplcidn and 
SQL9= bgp.sbjidn=plc.plcbgpidn and 
SQL10= Positie.objidn=:OBJIDN

Base=OBJ
[Parameters-0]
OBJIDN=STRING

[Authorization]
Code=3CA1C5CF
