[Report]
Name=kennisgeving overlijden
TemplateName=kennisgeving overlijden.rtf
SQLCompatibility=MSAccess

[Query-0]
SQL1= select Trim(sbj.sbjvvg&' '&sbj.sbjnam) as pernam, sbj.sbjidn as plop,
SQL2= sbj.sbjvor as voor, Trim(MID(sbj.sbjpttkde, 1,4)&' '&MID(sbj.sbjpttkde, 5,2)) as pttkde,
SQL3= Trim(Mid(sbj.sbjgebdat,7,2)&'-'&Mid(sbj.sbjgebdat,5,2)&'-'&Mid(sbj.sbjgebdat,1,4)) as pergeb, 
SQL4= Trim(Mid(sbj.sbjovldat,7,2)&'-'&Mid(sbj.sbjovldat,5,2)&'-'&Mid(sbj.sbjovldat,1,4)) as perdat,
SQL5= sbj.*
SQL6= from sbj
SQL7= where sbj.sbjidn=:SBJIDN 

Base=SBJ
[Parameters-0]
SBJIDN=STRING

[Logging]
Entity=SBJ
Field=plop
Query=SBJ

[Authorization]
Code=3CA1C5CF
