[Report]
Name=Vergunning plaatsen gedenkteken
TemplateName=Vergunning plaatsen gedenkteken.rtf
SQLCompatibility=MSAccess

[Query-0]
SQL1=  select Trim(Mid(obj.objvandat,7,2)&'-'&Mid(obj.objvandat,5,2)&'-'&Mid(obj.objvandat,1,4)) as vandat, 
SQL2=  Trim(Mid(obj.objtemdat,7,2)&'-'&Mid(obj.objtemdat,5,2)&'-'&Mid(obj.objtemdat,1,4)) as temdat, 
SQL3=  Trim(Mid(rhb.sbjgebdat,7,2)&'-'&Mid(rhb.sbjgebdat,5,2)&'-'&Mid(rhb.sbjgebdat,1,4)) as gebdat, 
sQL4=  Trim(rhb.sbjvlt&' '&Trim(rhb.sbjvvg&' '&rhb.sbjnam)) as Namopm, rhb.sbjgebplt as gebplt,
SQL5=  Trim(MID(rhb.sbjpttkde, 1,4)&' '&MID(rhb.sbjpttkde, 5,2)) as pttkde, rhb.*, plc.*, obj.* 
SQL6=  FROM SBJ RHB, PLC, OBJ, SBJ OVL
SQL7=  where plcidn=objplcidn and plcrhbidn=rhb.sbjidn and ovl.sbjidn=obj.objsbjidn 
SQL8=  and plcidn=:pPLCIDN

Base=QRY
[Parameters-0]
pPLCIDN=STRING

[Query-2]
SQL1=  select Trim(sbj.sbjvlt&' '&Trim(sbj.sbjvvg&' '&sbj.sbjnam)) as Namopm, 
SQL2=  Trim(MID(sbj.sbjpttkde, 1,4)&' '&MID(sbj.sbjpttkde, 5,2)) as pttkde, plh.*, sbj.* 
SQL3= from plh, sbj where plhrhbidn=sbjidn order by plhactdat desc

Base=PLH
MasterSource=0
IndexFieldNames=PLHIDN
MasterFields=PLCIDN

[Query-3]
SQL1=  select obj.objplcidn, obj.objnam, obj.objtemdat, plc.plcnam from obj, plc where objplcidn=plcidn
Base=OBJ
MasterSource=0
IndexFieldNames=OBJPLCIDN
MasterFields=PLCIDN

[Logging]
Entity=PLC
Field=PLCIDN
Query=PLC

[Authorization]
Code=3CA1C5CF
