[Report]
Name=Ljst van Grafposities
TemplateName=Lijst van vrije en vervallen Posities.rtf
SQLCompatibility=MSAccess

[Query-0]
SQL=SELECT VRIJEGRAVEN.*, Trim(MID(VERVALDATUM,7,2)&'-'&MID(VERVALDATUM,5,2)&'-'&MID(VERVALDATUM,1,4)) as vrvdat from VRIJEGRAVEN WHERE plcbgpidn=:plcbgpidn and ((In_Gebruik > 0 and aanwezig > 0) or (In_Gebruik>0 and vervaldatum <= :vervdatum)  or (Aanwezig=0 and vervaldatum <= :vervdatum))
Base=PLC
[Parameters-0]
PLCBGPIDN=STRINGCOMBOBOX|Begraafplaats
VERVDATUM=DATENUM|Vervallen voor 

[PLCBGPIDN]
TableName=SBJ, SBK WHERE SBKSBJIDN=SBJIDN AND SBKSBTIDN='BGP'
ValueFieldName=SBJIDN
NameFieldName=SBJNAM
OrderFieldName=SBJNAM

[Logging]
Entity=PLC
Field=PLCIDN
Query=PLC

[Authorization]
Code=3CA1C5CF

